\BOOKMARK [1][-]{section*.1}{\376\377\000目\000的}{}% 1
\BOOKMARK [1][-]{section*.2}{\376\377\000原\000理}{}% 2
\BOOKMARK [2][-]{section*.3}{\376\377\000S\000P\000I\000C\000E\000の\000概\000要\000等}{section*.2}% 3
\BOOKMARK [2][-]{section*.4}{\376\377\000回\000路\000記\000述\000方\000法\000（\000ネ\000ッ\000ト\000リ\000ス\000ト\000の\000書\000き\000方\000）}{section*.2}% 4
\BOOKMARK [2][-]{section*.5}{\376\377\000メ\000リ\000ッ\000ト\000と\000デ\000メ\000リ\000ッ\000ト}{section*.2}% 5
\BOOKMARK [2][-]{section*.6}{\376\377\000使\000用\000さ\000れ\000て\000い\000る\000数\000値\000解\000析\000方\000法\000に\000つ\000い\000て\000（\000ニ\000ュ\000ー\000ト\000ン\000法\000等\000）}{section*.2}% 6
\BOOKMARK [1][-]{section*.11}{\376\377\000実\000験\000結\000果}{}% 7
\BOOKMARK [2][-]{section*.12}{\376\377\000予\000備\000実\000験\000回\000路\000解\000析}{section*.11}% 8
\BOOKMARK [2][-]{section*.15}{\376\377\000線\000形\000抵\000抗\000回\000路\000解\000析}{section*.11}% 9
\BOOKMARK [2][-]{section*.18}{\376\377\000非\000線\000形\000抵\000抗\000回\000路\000解\000析}{section*.11}% 10
\BOOKMARK [2][-]{section*.21}{\376\377\000D\000C\000解\000析}{section*.11}% 11
\BOOKMARK [2][-]{section*.25}{\376\377\000A\000C\000解\000析}{section*.11}% 12
\BOOKMARK [2][-]{section*.29}{\376\377\000過\000渡\000解\000析}{section*.11}% 13
\BOOKMARK [1][-]{section*.34}{\376\377\000考\000察}{}% 14
\BOOKMARK [2][-]{section*.35}{\376\377\000線\000形\000抵\000抗\000回\000路\000解\000析}{section*.34}% 15
\BOOKMARK [2][-]{section*.36}{\376\377\000非\000線\000形\000抵\000抗\000回\000路\000解\000析}{section*.34}% 16
\BOOKMARK [2][-]{section*.39}{\376\377\000D\000C\000解\000析}{section*.34}% 17
\BOOKMARK [2][-]{section*.40}{\376\377\000A\000C\000解\000析}{section*.34}% 18
\BOOKMARK [2][-]{section*.41}{\376\377\000過\000渡\000解\000析}{section*.34}% 19
\BOOKMARK [1][-]{section*.42}{\376\377\000追\000加\000課\000題}{}% 20
\BOOKMARK [2][-]{section*.43}{\376\377\000過\000渡\000解\000析\000の\000各\000種\000数\000値\000計\000算\000法\000比\000較}{section*.42}% 21
\BOOKMARK [2][-]{section*.46}{\376\377\000フ\000ィ\000ル\000タ\000回\000路\000の\000作\000成}{section*.42}% 22
\BOOKMARK [3][-]{section*.47}{\376\377\0005\0003\000H\000z\000以\000上\000の\000周\000波\000数\000を\000通\000過\000さ\000せ\000る\000回\000路\000（\000ハ\000イ\000パ\000ス\000フ\000ィ\000ル\000タ\000）}{section*.46}% 23
\BOOKMARK [3][-]{section*.51}{\376\377\0001\0006\0000\000k\000H\000z\000以\000下\000の\000周\000波\000数\000を\000通\000過\000さ\000せ\000る\000回\000路\000（\000ロ\000ー\000パ\000ス\000フ\000ィ\000ル\000タ\000）}{section*.46}% 24
\BOOKMARK [3][-]{section*.55}{\376\377\0005\0003\000H\000z\000以\000上\000か\000つ\0001\0006\0000\000k\000H\000z\000以\000下\000の\000周\000波\000数\000を\000通\000過\000さ\000せ\000る\000回\000路\000（\000バ\000ン\000ド\000パ\000ス\000フ\000ィ\000ル\000タ\000）}{section*.46}% 25
\BOOKMARK [1][-]{section*.59}{\376\377\000使\000用\000機\000材}{}% 26
\BOOKMARK [1][-]{section*.61}{\376\377\000参\000考\000文\000献}{}% 27
\BOOKMARK [1][-]{section*.62}{\376\377\000付\000録}{}% 28
\BOOKMARK [2][-]{section*.63}{\376\377\000予\000備\000実\000験\000回\000路\000解\000析}{section*.62}% 29
\BOOKMARK [2][-]{section*.64}{\376\377\000線\000形\000抵\000抗\000回\000路\000解\000析}{section*.62}% 30
\BOOKMARK [2][-]{section*.65}{\376\377\000非\000線\000形\000抵\000抗\000回\000路\000解\000析}{section*.62}% 31
\BOOKMARK [3][-]{section*.66}{\376\377\000コ\000レ\000ク\000タ\000電\000圧\000の\000初\000期\000値\000設\000定\000な\000し}{section*.65}% 32
\BOOKMARK [3][-]{section*.67}{\376\377\000コ\000レ\000ク\000タ\000電\000圧\000の\000初\000期\000値\000を\0000\000.\0002\000V\000に\000設\000定}{section*.65}% 33
\BOOKMARK [3][-]{section*.68}{\376\377\000コ\000レ\000ク\000タ\000電\000圧\000の\000初\000期\000値\000を\0000\000.\0006\000V\000に\000設\000定}{section*.65}% 34
\BOOKMARK [3][-]{section*.69}{\376\377\000コ\000レ\000ク\000タ\000電\000圧\000の\000初\000期\000値\000を\0000\000.\0008\000V\000に\000設\000定}{section*.65}% 35
\BOOKMARK [2][-]{section*.70}{\376\377\000D\000C\000解\000析}{section*.62}% 36
\BOOKMARK [2][-]{section*.71}{\376\377\000A\000C\000解\000析}{section*.62}% 37
\BOOKMARK [2][-]{section*.72}{\376\377\000過\000渡\000解\000析}{section*.62}% 38
\BOOKMARK [2][-]{section*.73}{\376\377\000ハ\000イ\000パ\000ス\000フ\000ィ\000ル\000タ}{section*.62}% 39
\BOOKMARK [2][-]{section*.74}{\376\377\000ロ\000ー\000パ\000ス\000フ\000ィ\000ル\000タ}{section*.62}% 40
\BOOKMARK [2][-]{section*.75}{\376\377\000バ\000ン\000ド\000パ\000ス\000フ\000ィ\000ル\000タ}{section*.62}% 41
