\BOOKMARK [1][-]{section*.1}{\376\377\000目\000的}{}% 1
\BOOKMARK [1][-]{section*.2}{\376\377\000原\000理}{}% 2
\BOOKMARK [2][-]{section*.3}{\376\377\000N\000O\000T\000ゲ\000ー\000ト}{section*.2}% 3
\BOOKMARK [2][-]{section*.5}{\376\377\000N\000A\000N\000D\000ゲ\000ー\000ト}{section*.2}% 4
\BOOKMARK [2][-]{section*.7}{\376\377\000N\000O\000R\000ゲ\000ー\000ト}{section*.2}% 5
\BOOKMARK [2][-]{section*.9}{\376\377\000J\000K\000-\000F\000F}{section*.2}% 6
\BOOKMARK [2][-]{section*.11}{\376\377\000D\000-\000F\000F}{section*.2}% 7
\BOOKMARK [2][-]{section*.13}{\376\377\000シ\000ュ\000ミ\000ッ\000ト\000ト\000リ\000ガ\000に\000つ\000い\000て}{section*.2}% 8
\BOOKMARK [1][-]{section*.14}{\376\377\000実\000験\000手\000順}{}% 9
\BOOKMARK [2][-]{section*.15}{\376\377\000ド\000・\000モ\000ル\000ガ\000ン\000の\000法\000則\000の\000確\000認}{section*.14}% 10
\BOOKMARK [2][-]{section*.16}{\376\377\000信\000号\000発\000声\000器\000の\000設\000計\000と\000製\000作}{section*.14}% 11
\BOOKMARK [2][-]{section*.17}{\376\377\000同\000期\000式\000S\000R\000-\000F\000F\000の\000動\000作\000と\000特\000性}{section*.14}% 12
\BOOKMARK [2][-]{section*.18}{\376\377\000J\000K\000-\000F\000F\000の\000動\000作\000と\000特\000性}{section*.14}% 13
\BOOKMARK [2][-]{section*.19}{\376\377\000D\000-\000F\000F\000の\000動\000作\000と\000特\000性}{section*.14}% 14
\BOOKMARK [2][-]{section*.20}{\376\377\000カ\000ウ\000ン\000タ\000の\000設\000計}{section*.14}% 15
\BOOKMARK [3][-]{section*.21}{\376\377\000非\000同\000期\000式\0001\000/\0003\000カ\000ウ\000ン\000タ}{section*.20}% 16
\BOOKMARK [3][-]{section*.22}{\376\377\000同\000期\000式\0001\000/\0003\000カ\000ウ\000ン\000タ}{section*.20}% 17
\BOOKMARK [2][-]{section*.23}{\376\377\000メ\000モ\000リ\000機\000能}{section*.14}% 18
\BOOKMARK [1][-]{section*.24}{\376\377\000実\000験\000結\000果}{}% 19
\BOOKMARK [2][-]{section*.25}{\376\377\000ド\000・\000モ\000ル\000ガ\000ン\000の\000法\000則\000の\000確\000認}{section*.24}% 20
\BOOKMARK [3][-]{section*.26}{\376\377\000ベ\000ン\000図\000で\000の\000確\000認}{section*.25}% 21
\BOOKMARK [3][-]{section*.27}{\376\377\000真\000理\000値\000表\000で\000の\000確\000認}{section*.25}% 22
\BOOKMARK [3][-]{section*.28}{\376\377\000論\000理\000回\000路\000で\000の\000確\000認}{section*.25}% 23
\BOOKMARK [3][-]{section*.29}{\376\377\000半\000加\000算\000器\000（\000H\000A\000）\000の\000設\000計}{section*.25}% 24
\BOOKMARK [2][-]{section*.30}{\376\377\000信\000号\000発\000生\000器\000の\000設\000計\000と\000製\000作}{section*.24}% 25
\BOOKMARK [2][-]{section*.31}{\376\377\000同\000期\000式\000S\000R\000-\000F\000F\000の\000動\000作\000と\000特\000性}{section*.24}% 26
\BOOKMARK [2][-]{section*.32}{\376\377\000J\000K\000-\000F\000F\000の\000動\000作\000と\000特\000性}{section*.24}% 27
\BOOKMARK [2][-]{section*.33}{\376\377\000D\000-\000F\000F\000の\000動\000作\000と\000特\000性}{section*.24}% 28
\BOOKMARK [2][-]{section*.34}{\376\377\000カ\000ウ\000ン\000タ\000の\000設\000計}{section*.24}% 29
\BOOKMARK [3][-]{section*.35}{\376\377\000非\000同\000期\000式\0001\000/\0003\000カ\000ウ\000ン\000タ}{section*.34}% 30
\BOOKMARK [3][-]{section*.36}{\376\377\000同\000期\000式\0001\000/\0003\000カ\000ウ\000ン\000タ}{section*.34}% 31
\BOOKMARK [2][-]{section*.37}{\376\377\000メ\000モ\000リ\000機\000能}{section*.24}% 32
\BOOKMARK [1][-]{section*.38}{\376\377\000考\000察}{}% 33
\BOOKMARK [2][-]{section*.39}{\376\377\000半\000加\000算\000器\000（\000H\000A\000）}{section*.38}% 34
\BOOKMARK [3][-]{section*.40}{\376\377\000ド\000・\000モ\000ル\000ガ\000ン\000の\000法\000則\000に\000つ\000い\000て\000の\000説\000明}{section*.39}% 35
\BOOKMARK [3][-]{section*.41}{\376\377\000ド\000・\000モ\000ル\000ガ\000ン\000の\000法\000則\000が\000成\000り\000立\000つ\000メ\000リ\000ッ\000ト}{section*.39}% 36
\BOOKMARK [3][-]{section*.42}{\376\377\000全\000加\000算\000機\000（\000F\000A\000）\000と\000半\000加\000算\000器\000（\000H\000A\000）\000の\000動\000作\000・\000真\000理\000値\000表\000の\000記\000載}{section*.39}% 37
\BOOKMARK [3][-]{section*.46}{\376\377\000キ\000ャ\000リ\000ー\000ル\000ッ\000ク\000ア\000ヘ\000ッ\000ド\000に\000関\000し\000て}{section*.39}% 38
\BOOKMARK [2][-]{section*.47}{\376\377\000信\000号\000発\000生\000器\000の\000設\000計\000と\000作\000成}{section*.38}% 39
\BOOKMARK [3][-]{section*.48}{\376\377\000信\000号\000発\000生\000器\000（\000S\000G\000）\000か\000ら\000デ\000ィ\000ジ\000タ\000ル\000波\000形\000が\000生\000じ\000る\000流\000れ\000に\000つ\000い\000て}{section*.47}% 40
\BOOKMARK [3][-]{section*.49}{\376\377\000部\000品\000（\0005\0000\000、\0000\000.\0001\000F\000、\0004\0007\0000\000F\000）\000の\000名\000称\000と\000役\000割\000に\000つ\000い\000て\000の\000説\000明}{section*.47}% 41
\BOOKMARK [2][-]{section*.50}{\376\377\000同\000期\000式\000S\000R\000-\000F\000F\000の\000動\000作\000と\000特\000性}{section*.38}% 42
\BOOKMARK [3][-]{section*.51}{\376\377\000同\000期\000式\000S\000R\000-\000F\000F\000の\000動\000作\000に\000つ\000い\000て\000の\000説\000明}{section*.50}% 43
\BOOKMARK [3][-]{section*.53}{\376\377\000エ\000ッ\000ジ\000ト\000リ\000ガ\000に\000つ\000い\000て}{section*.50}% 44
\BOOKMARK [2][-]{section*.54}{\376\377\000J\000K\000-\000F\000F\000の\000動\000作\000と\000特\000性}{section*.38}% 45
\BOOKMARK [2][-]{section*.55}{\376\377\000D\000-\000F\000F\000の\000動\000作\000と\000特\000性}{section*.38}% 46
\BOOKMARK [2][-]{section*.56}{\376\377\0001\000/\0003\000カ\000ウ\000ン\000タ}{section*.38}% 47
\BOOKMARK [2][-]{section*.57}{\376\377\000メ\000モ\000リ\000機\000能}{section*.38}% 48
\BOOKMARK [2][-]{section*.58}{\376\377\000使\000用\000機\000材}{section*.38}% 49
\BOOKMARK [1][-]{section*.60}{\376\377\000参\000考\000文\000献}{}% 50
