\BOOKMARK [1][-]{section*.1}{\376\377\000目\000的}{}% 1
\BOOKMARK [1][-]{section*.2}{\376\377\000原\000理}{}% 2
\BOOKMARK [2][-]{section*.3}{\376\377\000製\000作\000す\000る\000回\000路}{section*.2}% 3
\BOOKMARK [2][-]{section*.5}{\376\377\000回\000路\000の\000動\000作\000原\000理}{section*.2}% 4
\BOOKMARK [2][-]{section*.6}{\376\377\000O\000P\000ア\000ン\000プ\000の\0007\000番\000端\000子\000と\0004\000番\000端\000子\000に\000か\000か\000る\000電\000圧}{section*.2}% 5
\BOOKMARK [2][-]{section*.7}{\376\377\000本\000回\000路\000に\000お\000け\000る\000入\000出\000力\000特\000性\000の\000理\000論\000式\000の\000導\000出}{section*.2}% 6
\BOOKMARK [2][-]{section*.8}{\376\377\000周\000波\000数\000特\000性\000の\000理\000論\000値\000の\000算\000出}{section*.2}% 7
\BOOKMARK [2][-]{section*.9}{\376\377\000電\000圧\000特\000性\000の\000算\000出\000値\000（\000理\000論\000値\000）}{section*.2}% 8
\BOOKMARK [2][-]{section*.12}{\376\377\000電\000圧\000増\000幅\000率\000の\000算\000出\000値\000（\000理\000論\000値\000）}{section*.2}% 9
\BOOKMARK [2][-]{section*.13}{\376\377\000低\000域\000側\000と\000高\000域\000側\000の\000違\000い\000に\000つ\000い\000て}{section*.2}% 10
\BOOKMARK [1][-]{section*.14}{\376\377\000実\000験\000方\000法}{}% 11
\BOOKMARK [2][-]{section*.15}{\376\377\000使\000用\000機\000材}{section*.14}% 12
\BOOKMARK [2][-]{section*.16}{\376\377\000使\000用\000す\000る\000部\000品\000一\000覧}{section*.14}% 13
\BOOKMARK [2][-]{section*.18}{\376\377\000回\000路\000の\000組\000み\000立\000て}{section*.14}% 14
\BOOKMARK [2][-]{section*.19}{\376\377\000回\000路\000の\000接\000続\000と\000測\000定\000手\000順}{section*.14}% 15
\BOOKMARK [2][-]{section*.20}{\376\377\000実\000験\000課\000題}{section*.14}% 16
\BOOKMARK [3][-]{section*.21}{\376\377\000電\000圧\000特\000性\000の\000測\000定}{section*.20}% 17
\BOOKMARK [3][-]{section*.22}{\376\377\000周\000波\000数\000特\000性\000の\000測\000定}{section*.20}% 18
\BOOKMARK [3][-]{section*.23}{\376\377\000リ\000サ\000ー\000ジ\000ュ\000図\000形\000の\000測\000定}{section*.20}% 19
\BOOKMARK [3][-]{section*.24}{\376\377\000デ\000ジ\000タ\000ル\000・\000オ\000シ\000ロ\000ス\000コ\000ー\000プ\000の\000操\000作}{section*.20}% 20
\BOOKMARK [1][-]{section*.25}{\376\377\000実\000験\000結\000果}{}% 21
\BOOKMARK [2][-]{section*.26}{\376\377\000各\000部\000の\000電\000圧\000測\000定}{section*.25}% 22
\BOOKMARK [2][-]{section*.28}{\376\377\000電\000圧\000特\000性\000の\000測\000定}{section*.25}% 23
\BOOKMARK [2][-]{section*.31}{\376\377\000周\000波\000数\000特\000性\000の\000測\000定}{section*.25}% 24
\BOOKMARK [2][-]{section*.34}{\376\377\000リ\000サ\000ー\000ジ\000ュ\000図\000形\000の\000測\000定}{section*.25}% 25
\BOOKMARK [3][-]{section*.35}{\376\377\000I\000N\0001\000の\000リ\000サ\000ー\000ジ\000ュ\000図\000形}{section*.34}% 26
\BOOKMARK [3][-]{section*.38}{\376\377\000I\000N\0002\000の\000リ\000サ\000ー\000ジ\000ュ\000図\000形}{section*.34}% 27
\BOOKMARK [3][-]{section*.41}{\376\377\0001\0000\0000\000k\000H\000z\000の\000リ\000サ\000ー\000ジ\000ュ\000図\000形}{section*.34}% 28
\BOOKMARK [2][-]{section*.44}{\376\377\000デ\000ジ\000タ\000ル\000・\000オ\000シ\000ロ\000ス\000コ\000ー\000プ\000の\000操\000作}{section*.25}% 29
\BOOKMARK [2][-]{section*.46}{\376\377\000ク\000リ\000ッ\000ピ\000ン\000グ\000の\000観\000察\000（\000任\000意\000課\000題\000）}{section*.25}% 30
\BOOKMARK [1][-]{section*.49}{\376\377\000考\000察}{}% 31
\BOOKMARK [2][-]{section*.50}{\376\377\000各\000部\000の\000電\000圧\000に\000つ\000い\000て}{section*.49}% 32
\BOOKMARK [2][-]{section*.51}{\376\377\000電\000圧\000特\000性\000の\000測\000定}{section*.49}% 33
\BOOKMARK [2][-]{section*.52}{\376\377\000周\000波\000数\000特\000性\000の\000測\000定}{section*.49}% 34
\BOOKMARK [2][-]{section*.54}{\376\377\000リ\000サ\000ー\000ジ\000ュ\000図\000形\000の\000測\000定}{section*.49}% 35
\BOOKMARK [3][-]{section*.55}{\376\377\000I\000N\0001\000の\000リ\000サ\000ー\000ジ\000ュ\000図\000形}{section*.54}% 36
\BOOKMARK [3][-]{section*.56}{\376\377\000I\000N\0002\000の\000リ\000サ\000ー\000ジ\000ュ\000図\000形}{section*.54}% 37
\BOOKMARK [3][-]{section*.57}{\376\377\0001\0000\0000\000k\000H\000z\000の\000リ\000サ\000ー\000ジ\000ュ\000図\000形}{section*.54}% 38
\BOOKMARK [2][-]{section*.58}{\376\377\000サ\000イ\000ン\000補\000正\000信\000号\000の\000F\000F\000T\000表\000示}{section*.49}% 39
\BOOKMARK [2][-]{section*.59}{\376\377\000ク\000リ\000ッ\000ピ\000ン\000グ\000の\000観\000察}{section*.49}% 40
\BOOKMARK [2][-]{section*.60}{\376\377\000使\000用\000機\000材}{section*.49}% 41
\BOOKMARK [2][-]{section*.62}{\376\377\000参\000考\000文\000献}{section*.49}% 42
\BOOKMARK [1][-]{section*.63}{\376\377\000感\000想}{}% 43
